<?xml version="1.0" encoding="UTF-8"?>
<!-- Generated by org.testng.reporters.JUnitReportReporter -->
<testsuite name="selenium_TestNG.NewTest" tests="1" time="12.701" ignored="0" failures="0" timestamp="25 二月 2017 08:40:59 GMT" skipped="0" hostname="lab-PC" errors="0">
  <testcase name="testng001" time="12.701" classname="selenium_TestNG.NewTest"/>
</testsuite> <!-- selenium_TestNG.NewTest -->
